[0mOPTIONS /api/contacts [32m204[0m 0.955 ms - 0[0m
[0mGET /api/contacts [32m200[0m 2.785 ms - 1307[0m
[0mOPTIONS /api/contacts [32m204[0m 0.986 ms - 0[0m
[0mGET /api/contacts [32m200[0m 3.826 ms - 1307[0m
[0mOPTIONS /api/contacts/AeHIrLTr6JkxGE6SN-0Rw [32m204[0m 0.364 ms - 0[0m
[0mGET /api/contacts/AeHIrLTr6JkxGE6SN-0Rw [32m200[0m 1.153 ms - 114[0m
[0mOPTIONS /api/contacts/AeHIrLTr6JkxGE6SN-0Rw [32m204[0m 0.085 ms - 0[0m
[0mDELETE /api/contacts/AeHIrLTr6JkxGE6SN-0Rw [32m200[0m 12.903 ms - 29[0m
[0mOPTIONS /api/contacts/AeHIrLTr6JkxGE6SN-0Rw [32m204[0m 1.529 ms - 0[0m
[0mGET /api/contacts/AeHIrLTr6JkxGE6SN-0Rw [33m404[0m 3.741 ms - 23[0m
::1 - - [25/Sep/2023:09:25:14 +0000] "OPTIONS /api/contacts/AeHIrLTr6JkxGE6SN-0Rw HTTP/1.1" 204 0
::1 - - [25/Sep/2023:09:25:14 +0000] "GET /api/contacts/AeHIrLTr6JkxGE6SN-0Rw HTTP/1.1" 404 23
[0mOPTIONS /api/contacts [32m204[0m 0.956 ms - 0[0m
[0mGET /api/contacts [32m200[0m 3.662 ms - 1192[0m
[0mOPTIONS /api/contacts [32m204[0m 0.303 ms - 0[0m
[0mPUT /api/contacts [33m404[0m 10.641 ms - 23[0m
[0mOPTIONS /api/contacts [32m204[0m 0.156 ms - 0[0m
[0mPOST /api/contacts [32m201[0m 6.032 ms - 87[0m
[0mOPTIONS /api/contacts [32m204[0m 1.703 ms - 0[0m
[0mGET /api/contacts [32m200[0m 50.789 ms - 2[0m
[0mOPTIONS /api/contacts [32m204[0m 1.159 ms - 0[0m
[0mGET /api/contacts [32m200[0m 54.003 ms - 2[0m
[0mGET /api/contacts [32m200[0m 37.939 ms - 2[0m
[0mGET /api/contacts [32m200[0m 33.811 ms - 2[0m
[0mGET /api/contacts [0m-[0m - ms - -[0m
[0mGET /api/contacts [32m200[0m 40.872 ms - 2[0m
[0mOPTIONS /api/contacts [32m204[0m 1.040 ms - 0[0m
[0mGET /api/contacts [32m200[0m 61.269 ms - 2[0m
[0mOPTIONS /api/contacts [32m204[0m 1.204 ms - 0[0m
[0mGET /api/contacts [32m200[0m 55.689 ms - 2[0m
[0mOPTIONS /api/contacts [32m204[0m 0.320 ms - 0[0m
[0mGET /api/contacts [32m200[0m 13131.170 ms - 2[0m
[0mOPTIONS /api/contacts [32m204[0m 0.150 ms - 0[0m
[0mGET /api/contacts [0m-[0m - ms - -[0m
[0mOPTIONS /api/contact [32m204[0m 0.361 ms - 0[0m
[0mGET /api/contact [33m404[0m 0.426 ms - 23[0m
[0mGET /api/contact [33m404[0m 0.350 ms - 23[0m
[0mOPTIONS /api/contacts [32m204[0m 0.272 ms - 0[0m
[0mGET /api/contacts [32m200[0m 30536.479 ms - 2[0m
[0mOPTIONS /api/contacts [32m204[0m 1.713 ms - 0[0m
[0mGET /api/contacts [32m200[0m 970.328 ms - 2[0m
[0mOPTIONS /api/contacts [32m204[0m 0.224 ms - 0[0m
[0mGET /api/contacts [32m200[0m 8664.863 ms - 2[0m
[0mOPTIONS /api/contacts [32m204[0m 0.199 ms - 0[0m
[0mGET /api/contacts [32m200[0m 18119.627 ms - 2[0m
[0mOPTIONS /api/contacts [32m204[0m 0.133 ms - 0[0m
[0mGET /api/contacts [32m200[0m 100.231 ms - 2[0m
[0mGET /api/contacts [32m200[0m 60.384 ms - 2[0m
[0mGET /api/contacts [32m200[0m 630.178 ms - 2[0m
[0mOPTIONS /api/contacts [32m204[0m 0.105 ms - 0[0m
[0mGET /api/contacts [32m200[0m 3497.638 ms - 2[0m
[0mOPTIONS /api/contacts [32m204[0m 1.265 ms - 0[0m
[0mGET /api/contacts [32m200[0m 45.447 ms - 2[0m
[0mGET /api/contacts [32m200[0m 33.722 ms - 2[0m
[0mGET /api/contacts [32m200[0m 387.527 ms - 2[0m
[0mOPTIONS /api/contacts [32m204[0m 0.227 ms - 0[0m
[0mGET /api/contacts [32m200[0m 36.725 ms - 2[0m
[0mGET /api/contacts [32m200[0m 33.068 ms - 2[0m
[0mGET /api/contacts [32m200[0m 138.840 ms - 2[0m
[0mOPTIONS /api/contacts [32m204[0m 1.042 ms - 0[0m
[0mGET /api/contacts [32m200[0m 40.350 ms - 2[0m
[0mGET /api/contacts [32m200[0m 33.162 ms - 2[0m
[0mGET /api/contacts [32m200[0m 34.436 ms - 2[0m
[0mGET /api/contacts [32m200[0m 35.029 ms - 2[0m
[0mOPTIONS /api/contacts [32m204[0m 0.323 ms - 0[0m
[0mGET /api/contacts [32m200[0m 136.786 ms - 2[0m
[0mOPTIONS /api/contacts [32m204[0m 0.119 ms - 0[0m
[0mGET /api/contacts [32m200[0m 36.622 ms - 2[0m
[0mGET /api/contacts [32m200[0m 61.855 ms - 2[0m
[0mOPTIONS /api/contacts [32m204[0m 0.200 ms - 0[0m
[0mGET /api/contacts [32m200[0m 53.565 ms - 2[0m
[0mOPTIONS /api/contacts [32m204[0m 0.169 ms - 0[0m
[0mGET /api/contacts [32m200[0m 276.148 ms - 2[0m
[0mPOST /api/contacts [33m404[0m 0.803 ms - 23[0m
[0mOPTIONS /api/contacts [32m204[0m 0.174 ms - 0[0m
[0mGET /api/contacts [32m200[0m 226.746 ms - 2[0m
[0mOPTIONS /api/contacts [32m204[0m 0.128 ms - 0[0m
[0mGET /api/contacts [32m200[0m 35.212 ms - 2[0m
[0mGET /api/contacts [32m200[0m 34.417 ms - 2[0m
[0mOPTIONS /api/contacts [32m204[0m 0.301 ms - 0[0m
[0mGET /api/contacts [32m200[0m 1828.224 ms - 2[0m
[0mGET /api/contacts [32m200[0m 4431.975 ms - 2[0m
[0mOPTIONS /api/contacts [32m204[0m 0.155 ms - 0[0m
[0mGET /api/contacts [32m200[0m 68.174 ms - 2[0m
[0mGET /api/contacts [32m200[0m 547.453 ms - 2[0m
[0mGET /api/contacts [32m200[0m 126.171 ms - 2[0m
[0mOPTIONS /api/contacts [32m204[0m 0.194 ms - 0[0m
[0mGET /api/contacts [32m200[0m 435.879 ms - 2[0m
[0mOPTIONS /api/contacts [32m204[0m 1.053 ms - 0[0m
[0mGET /api/contacts [32m200[0m 145.785 ms - 2[0m
[0mOPTIONS /api/contacts [32m204[0m 0.260 ms - 0[0m
[0mGET /api/contacts [32m200[0m 33.562 ms - 2[0m
[0mOPTIONS /api/contacts [32m204[0m 0.324 ms - 0[0m
[0mGET /api/contacts [32m200[0m 85.549 ms - 2[0m
[0mOPTIONS /api/contacts [32m204[0m 0.268 ms - 0[0m
[0mGET /api/contacts [32m200[0m 33.216 ms - 2[0m
[0mGET /api/contacts [32m200[0m 34.396 ms - 2[0m
[0mGET /api/contacts [32m200[0m 62.645 ms - 2[0m
[0mOPTIONS /api/contacts [32m204[0m 0.093 ms - 0[0m
[0mGET /api/contacts [32m200[0m 36.891 ms - 2[0m
[0mOPTIONS /api/contacts [32m204[0m 1.320 ms - 0[0m
[0mGET /api/contacts [32m200[0m 98.337 ms - 2[0m
[0mOPTIONS /api/contacts [32m204[0m 1.332 ms - 0[0m
[0mGET /api/contacts [32m200[0m 46.224 ms - 2[0m
[0mGET /api/contacts [32m200[0m 46.840 ms - 2[0m
[0mOPTIONS /api/contacts [32m204[0m 0.907 ms - 0[0m
[0mGET /api/contacts [32m200[0m 299.222 ms - 2[0m
[0mGET /api/contacts [32m200[0m 589.478 ms - 2[0m
[0mOPTIONS /api/contacts [32m204[0m 1.159 ms - 0[0m
[0mGET /api/contacts [32m200[0m 108.656 ms - 2[0m
[0mOPTIONS /api/contacts [32m204[0m 0.263 ms - 0[0m
[0mGET /api/contacts [32m200[0m 96.361 ms - 2[0m
[0mOPTIONS /api/contacts [32m204[0m 0.994 ms - 0[0m
[0mGET /api/contacts [32m200[0m 336.252 ms - 2[0m
[0mGET /api/contacts [32m200[0m 38.178 ms - 2[0m
[0mOPTIONS /api/contacts [32m204[0m 0.322 ms - 0[0m
[0mGET /api/contacts [32m200[0m 36.007 ms - 2[0m
[0mOPTIONS /api/contacts [32m204[0m 0.102 ms - 0[0m
[0mGET /api/contacts [32m200[0m 36.883 ms - 2[0m
[0mOPTIONS /api/contacts [32m204[0m 1.700 ms - 0[0m
[0mGET /api/contacts [32m200[0m 43.943 ms - 2[0m
[0mOPTIONS /api/contacts [32m204[0m 0.240 ms - 0[0m
[0mGET /api/contacts [32m200[0m 80.952 ms - 1332[0m
[0mOPTIONS /api/contacts [32m204[0m 0.102 ms - 0[0m
[0mGET /api/contacts [32m200[0m 1266.349 ms - 2[0m
[0mGET /api/contacts [32m200[0m 58.981 ms - 2[0m
[0mOPTIONS /api/contacts [32m204[0m 0.140 ms - 0[0m
[0mGET /api/contacts [32m200[0m 41.509 ms - 2[0m
[0mOPTIONS /api/contacts [32m204[0m 1.032 ms - 0[0m
[0mGET /api/contacts [32m200[0m 40.312 ms - 2[0m
[0mGET /api/contacts [32m200[0m 39.991 ms - 2[0m
[0mOPTIONS /api/contacts [32m204[0m 0.256 ms - 0[0m
[0mGET /api/contacts [32m200[0m 47.733 ms - 53[0m
[0mOPTIONS /api/contacts [32m204[0m 1.063 ms - 0[0m
[0mGET /api/contacts [32m200[0m 1074.948 ms - 2[0m
[0mOPTIONS /api/contacts [32m204[0m 1.056 ms - 0[0m
[0mGET /api/contacts [32m200[0m 59.648 ms - 1332[0m
[0mOPTIONS /api/contacts/651426e36b58b74d6d855783 [32m204[0m 1.191 ms - 0[0m
[0mGET /api/contacts/651426e36b58b74d6d855783 [31m500[0m 6.058 ms - 113[0m
[0mOPTIONS /api/contacts/651426e36b58b74d6d855783 [32m204[0m 1.067 ms - 0[0m
[0mGET /api/contacts/651426e36b58b74d6d855783 [32m200[0m 50.250 ms - 123[0m
[0mOPTIONS /api/contacts [32m204[0m 1.271 ms - 0[0m
[0mPOST /api/contacts [33m400[0m 4.894 ms - 34[0m
[0mOPTIONS /api/contacts [32m204[0m 0.305 ms - 0[0m
[0mPOST /api/contacts [33m400[0m 1.263 ms - 34[0m
[0mOPTIONS /api/contacts [32m204[0m 0.160 ms - 0[0m
[0mPOST /api/contacts [33m400[0m 25.952 ms - 54[0m
[0mOPTIONS /api/contacts [32m204[0m 0.122 ms - 0[0m
[0mPOST /api/contacts [33m400[0m 1.333 ms - 42[0m
[0mOPTIONS /api/contacts [32m204[0m 0.089 ms - 0[0m
[0mPOST /api/contacts [33m400[0m 1.480 ms - 41[0m
[0mOPTIONS /api/contacts [32m204[0m 1.054 ms - 0[0m
[0mPOST /api/contacts [32m201[0m 90.566 ms - 120[0m
[0mOPTIONS /api/contacts [32m204[0m 0.238 ms - 0[0m
[0mPOST /api/contacts [32m201[0m 207.290 ms - 124[0m
[0mOPTIONS /api/contacts [32m204[0m 1.845 ms - 0[0m
[0mGET /api/contacts [32m200[0m 146.578 ms - 1578[0m
[0mOPTIONS /api/contacts/65143325e75e9054e8fec57f [32m204[0m 0.322 ms - 0[0m
[0mDELETE /api/contacts/65143325e75e9054e8fec57f [32m200[0m 72.783 ms - 29[0m
[0mOPTIONS /api/contacts [32m204[0m 0.197 ms - 0[0m
[0mDELETE /api/contacts [33m404[0m 1.978 ms - 23[0m
[0mGET /api/contacts [32m200[0m 46.015 ms - 1453[0m
[0mOPTIONS /api/contacts [32m204[0m 0.142 ms - 0[0m
[0mPOST /api/contacts [32m201[0m 110.705 ms - 124[0m
[0mOPTIONS /api/contacts/6514567fd3f26b113d937c52 [32m204[0m 1.483 ms - 0[0m
[0mPUT /api/contacts/6514567fd3f26b113d937c52 [32m200[0m 77.111 ms - 119[0m
[0mOPTIONS /api/contacts [32m204[0m 0.309 ms - 0[0m
[0mGET /api/contacts [32m200[0m 48.363 ms - 1573[0m
[0mOPTIONS /api/contacts/6514567fd3f26b113d937c52/true [32m204[0m 1.134 ms - 0[0m
[0mPATCH /api/contacts/6514567fd3f26b113d937c52/true [33m404[0m 23.056 ms - 23[0m
[0mOPTIONS /api/contacts/6514567fd3f26b113d937c52/favorite [32m204[0m 0.373 ms - 0[0m
[0mPATCH /api/contacts/6514567fd3f26b113d937c52/favorite [0m-[0m - ms - -[0m
[0mOPTIONS /api/contacts/6514567fd3f26b113d937c52/favorite [32m204[0m 0.714 ms - 0[0m
[0mOPTIONS /api/contacts/6514567fd3f26b113d937c52/favorite [32m204[0m 0.384 ms - 0[0m
[0mOPTIONS /api/contacts/6514567fd3f26b113d937c52/favorite [32m204[0m 0.604 ms - 0[0m
[0mOPTIONS /api/contacts/6514567fd3f26b113d937c52/favorite [32m204[0m 1.727 ms - 0[0m
[0mPATCH /api/contacts/6514567fd3f26b113d937c52/favorite [0m-[0m - ms - -[0m
[0mOPTIONS /api/contacts/6514567fd3f26b113d937c52/favorite [32m204[0m 0.761 ms - 0[0m
[0mOPTIONS /api/contacts/6514567fd3f26b113d937c52/favorite [32m204[0m 1.608 ms - 0[0m
[0mPATCH /api/contacts/6514567fd3f26b113d937c52/favorite [33m404[0m 3.911 ms - 36[0m
[0mOPTIONS /api/contacts/6514567fd3f26b113d937c52/favorite [32m204[0m 1.601 ms - 0[0m
[0mPATCH /api/contacts/6514567fd3f26b113d937c52/favorite [31m500[0m 8.352 ms - 145[0m
[0mOPTIONS /api/contacts/6514567fd3f26b113d937c52/favorite [32m204[0m 0.229 ms - 0[0m
[0mPATCH /api/contacts/6514567fd3f26b113d937c52/favorite [33m400[0m 11.660 ms - 54[0m
[0mOPTIONS /api/contacts/6514567fd3f26b113d937c52/favorite [32m204[0m 0.131 ms - 0[0m
[0mPATCH /api/contacts/6514567fd3f26b113d937c52/favorite [31m500[0m 2.255 ms - 145[0m
[0mOPTIONS /api/contacts/651426e36b58b74d6d855781/favorite [32m204[0m 0.166 ms - 0[0m
[0mPATCH /api/contacts/651426e36b58b74d6d855781/favorite [31m500[0m 1.500 ms - 145[0m
[0mOPTIONS /api/contacts/651426e36b58b74d6d855781/favorite [32m204[0m 1.324 ms - 0[0m
[0mPATCH /api/contacts/651426e36b58b74d6d855781/favorite [31m500[0m 14.696 ms - 145[0m
[0mOPTIONS /api/contacts/651426e36b58b74d6d855781/favorite [32m204[0m 0.303 ms - 0[0m
[0mPATCH /api/contacts/651426e36b58b74d6d855781/favorite [31m500[0m 1.886 ms - 145[0m
[0mOPTIONS /api/contacts/651426e36b58b74d6d855781/favorite [32m204[0m 1.645 ms - 0[0m
[0mPATCH /api/contacts/651426e36b58b74d6d855781/favorite [31m500[0m 14.963 ms - 145[0m
[0mOPTIONS /api/contacts/651426e36b58b74d6d855781/favorite [32m204[0m 1.030 ms - 0[0m
[0mPATCH /api/contacts/651426e36b58b74d6d855781/favorite [31m500[0m 14.709 ms - 145[0m
[0mOPTIONS /api/contacts/651426e36b58b74d6d855781/favorite [32m204[0m 1.927 ms - 0[0m
[0mPATCH /api/contacts/651426e36b58b74d6d855781/favorite [33m400[0m 19.815 ms - 36[0m
[0mOPTIONS /api/contacts/651426e36b58b74d6d855781/favorite [32m204[0m 1.734 ms - 0[0m
[0mPATCH /api/contacts/651426e36b58b74d6d855781/favorite [33m400[0m 14.072 ms - 36[0m
[0mOPTIONS /api/contacts/651426e36b58b74d6d855781/favorite [32m204[0m 1.046 ms - 0[0m
[0mPATCH /api/contacts/651426e36b58b74d6d855781/favorite [31m500[0m 17.265 ms - 145[0m
[0mOPTIONS /api/contacts/651426e36b58b74d6d855781/favorite [32m204[0m 1.621 ms - 0[0m
[0mPATCH /api/contacts/651426e36b58b74d6d855781/favorite [33m400[0m 3.176 ms - 36[0m
[0mOPTIONS /api/contacts/651426e36b58b74d6d855781/favorite [32m204[0m 0.272 ms - 0[0m
[0mPATCH /api/contacts/651426e36b58b74d6d855781/favorite [31m500[0m 16.331 ms - 145[0m
[0mOPTIONS /api/contacts/651426e36b58b74d6d855781/favorite [32m204[0m 2.610 ms - 0[0m
[0mPATCH /api/contacts/651426e36b58b74d6d855781/favorite [31m500[0m 20.793 ms - 145[0m
[0mOPTIONS /api/contacts/651426e36b58b74d6d855781/favorite [32m204[0m 1.048 ms - 0[0m
[0mPATCH /api/contacts/651426e36b58b74d6d855781/favorite [31m500[0m 14.420 ms - 145[0m
[0mOPTIONS /api/contacts/651426e36b58b74d6d855782/favorite [32m204[0m 0.474 ms - 0[0m
[0mPATCH /api/contacts/651426e36b58b74d6d855782/favorite [31m500[0m 5.327 ms - 145[0m
[0mOPTIONS /api/contacts/651426e36b58b74d6d855782/favorite [32m204[0m 1.060 ms - 0[0m
[0mPATCH /api/contacts/651426e36b58b74d6d855782/favorite [31m500[0m 16.843 ms - 145[0m
[0mOPTIONS /api/contacts/651426e36b58b74d6d855782/favorite [32m204[0m 0.808 ms - 0[0m
[0mPATCH /api/contacts/651426e36b58b74d6d855782/favorite [31m500[0m 6.569 ms - 145[0m
[0mOPTIONS /api/contacts/651426e36b58b74d6d855782/favorite [32m204[0m 1.501 ms - 0[0m
[0mPATCH /api/contacts/651426e36b58b74d6d855782/favorite [31m500[0m 20.466 ms - 145[0m
[0mOPTIONS /api/contacts/651426e36b58b74d6d855782/favorite [32m204[0m 1.134 ms - 0[0m
[0mPATCH /api/contacts/651426e36b58b74d6d855782/favorite [31m500[0m 17.817 ms - 145[0m
[0mOPTIONS /api/contacts/651426e36b58b74d6d855782/favorite [32m204[0m 1.054 ms - 0[0m
[0mPATCH /api/contacts/651426e36b58b74d6d855782/favorite [31m500[0m 15.605 ms - 145[0m
[0mPATCH /api/contacts/651426e36b58b74d6d855782/favorite [31m500[0m 2.386 ms - 145[0m
[0mOPTIONS /api/contacts/651426e36b58b74d6d855782/favorite [32m204[0m 0.207 ms - 0[0m
[0mPATCH /api/contacts/651426e36b58b74d6d855782/favorite [33m400[0m 0.895 ms - 54[0m
[0mOPTIONS /api/contacts/651426e36b58b74d6d855782/favorite [32m204[0m 0.097 ms - 0[0m
[0mPATCH /api/contacts/651426e36b58b74d6d855782/favorite [31m500[0m 0.957 ms - 145[0m
[0mOPTIONS /api/contacts/651426e36b58b74d6d855782/favorite [32m204[0m 0.098 ms - 0[0m
[0mPATCH /api/contacts/651426e36b58b74d6d855782/favorite [31m500[0m 1.186 ms - 145[0m
[0mOPTIONS /api/contacts/651426e36b58b74d6d855782/favorite [32m204[0m 1.117 ms - 0[0m
[0mPATCH /api/contacts/651426e36b58b74d6d855782/favorite [32m200[0m 130.240 ms - 138[0m
[0mOPTIONS /api/contacts/651426e36b58b74d6d855782/favorite [32m204[0m 0.677 ms - 0[0m
[0mPATCH /api/contacts/651426e36b58b74d6d855782/favorite [32m200[0m 538.943 ms - 138[0m
[0mOPTIONS /api/contacts/651426e36b58b74d6d855782/favorite [32m204[0m 1.103 ms - 0[0m
[0mPATCH /api/contacts/651426e36b58b74d6d855782/favorite [32m200[0m 155.898 ms - 137[0m
[0mOPTIONS /api/contacts/651426e36b58b74d6d855782/favorite [32m204[0m 1.812 ms - 0[0m
[0mPATCH /api/contacts/651426e36b58b74d6d855782/favorite [32m200[0m 152.659 ms - 137[0m
[0mOPTIONS /api/contacts/651426e36b58b74d6d855782/favorite [32m204[0m 1.048 ms - 0[0m
[0mPATCH /api/contacts/651426e36b58b74d6d855782/favorite [32m200[0m 144.797 ms - 138[0m
[0mOPTIONS /api/contacts/651426e36b58b74d6d855782/favorite [32m204[0m 1.665 ms - 0[0m
[0mPATCH /api/contacts/651426e36b58b74d6d855782/favorite [33m400[0m 14.771 ms - 36[0m
[0mOPTIONS /api/contacts/651426e36b58b74d6d855782/favorite [32m204[0m 0.274 ms - 0[0m
[0mPATCH /api/contacts/651426e36b58b74d6d855782/favorite [32m200[0m 273.916 ms - 137[0m
[0mOPTIONS /api/contacts/651426e36b58b74d6d855782/favorite [32m204[0m 0.098 ms - 0[0m
[0mPATCH /api/contacts/651426e36b58b74d6d855782/favorite [32m200[0m 481.807 ms - 138[0m
[0mOPTIONS /api/contacts/?name=mango [32m204[0m 1.691 ms - 0[0m
[0mGET /api/contacts/?name=mango [32m200[0m 73.516 ms - 1573[0m
[0mOPTIONS /api/contacts/?name=mango&email=ggg@jhg.com [32m204[0m 0.248 ms - 0[0m
[0mGET /api/contacts/?name=mango&email=ggg@jhg.com [32m200[0m 45.315 ms - 1573[0m
[0mOPTIONS /api/contacts/?name=Allen%20Raymond [32m204[0m 1.815 ms - 0[0m
[0mGET /api/contacts/?name=Allen%20Raymond [32m200[0m 130.079 ms - 2[0m
[0mOPTIONS /api/contacts/?favorite=true [32m204[0m 0.705 ms - 0[0m
[0mGET /api/contacts/?favorite=true [32m200[0m 172.052 ms - 2[0m
[0mOPTIONS /api/contacts/?favorite=true [32m204[0m 1.639 ms - 0[0m
[0mGET /api/contacts/?favorite=true [32m200[0m 97.014 ms - 2[0m
[0mOPTIONS /api/contacts/?favorite=true [32m204[0m 1.209 ms - 0[0m
[0mGET /api/contacts/?favorite=true [32m200[0m 126.740 ms - 1175[0m
[0mOPTIONS /api/contacts/?favorite=false [32m204[0m 0.200 ms - 0[0m
[0mGET /api/contacts/?favorite=false [32m200[0m 48.854 ms - 399[0m
[0mOPTIONS /api/contacts/?favorite=false [32m204[0m 1.862 ms - 0[0m
[0mGET /api/contacts/?favorite=false [32m200[0m 52.583 ms - 2[0m
[0mOPTIONS /api/contacts/?favorite=false [32m204[0m 1.220 ms - 0[0m
[0mGET /api/contacts/?favorite=false [32m200[0m 1595.127 ms - 399[0m
[0mOPTIONS /api/contacts/?favorite=false&name=%22Allen%20Raymond%22 [32m204[0m 0.305 ms - 0[0m
[0mGET /api/contacts/?favorite=false&name=%22Allen%20Raymond%22 [32m200[0m 185.335 ms - 2[0m
[0mOPTIONS /api/contacts/?favorite=false&name=Allen%20Raymond [32m204[0m 0.132 ms - 0[0m
[0mGET /api/contacts/?favorite=false&name=Allen%20Raymond [32m200[0m 2168.719 ms - 137[0m
[0mOPTIONS /api/contacts/?favorite=false&name=Allen_Raymond [32m204[0m 0.339 ms - 0[0m
[0mGET /api/contacts/?favorite=false&name=Allen_Raymond [32m200[0m 36.678 ms - 2[0m
[0mOPTIONS /api/contacts/?favorite=false&name=Allen%20Raymond [32m204[0m 0.133 ms - 0[0m
[0mGET /api/contacts/?favorite=false&name=Allen%20Raymond [32m200[0m 88.734 ms - 137[0m
[0mOPTIONS /api/contacts [32m204[0m 0.781 ms - 0[0m
[0mGET /api/contacts [32m200[0m 46.006 ms - 1573[0m
[0mOPTIONS /api/contacts/?quentity=45 [32m204[0m 0.120 ms - 0[0m
[0mGET /api/contacts/?quentity=45 [32m200[0m 576.151 ms - 1573[0m
[0mOPTIONS /api/contacts/6514567fd3f26b113d937c52/favorite [32m204[0m 2.894 ms - 0[0m
[0mPATCH /api/contacts/6514567fd3f26b113d937c52/favorite [31m500[0m 52.562 ms - 31[0m
[0mOPTIONS /api/contacts/6514567fd3f26b113d937c52/favorite [32m204[0m 1.900 ms - 0[0m
[0mPATCH /api/contacts/6514567fd3f26b113d937c52/favorite [32m200[0m 530.674 ms - 120[0m
[0mOPTIONS /api/contacts/6514567fd3f26b113d937c52/favorite [32m204[0m 0.923 ms - 0[0m
[0mPATCH /api/contacts/6514567fd3f26b113d937c52/favorite [32m200[0m 475.029 ms - 119[0m
[0mPATCH /api/contacts/6514567fd3f26b113d937c52/favorite [31m500[0m 3.525 ms - 38[0m
[0mOPTIONS /api/contacts/6514567fd3f26b113d937c52/favorite [32m204[0m 0.240 ms - 0[0m
[0mPATCH /api/contacts/6514567fd3f26b113d937c52/favorite [31m500[0m 2.108 ms - 38[0m
[0mOPTIONS /api/contacts/6514567fd3f26b113d937c52/favorite [32m204[0m 2.066 ms - 0[0m
[0mPATCH /api/contacts/6514567fd3f26b113d937c52/favorite [31m500[0m 14.925 ms - 38[0m
[0mOPTIONS /api/contacts/6514567fd3f26b113d937c52/favorite [32m204[0m 0.383 ms - 0[0m
[0mPATCH /api/contacts/6514567fd3f26b113d937c52/favorite [31m500[0m 3.459 ms - 38[0m
[0mOPTIONS /api/contacts/6514567fd3f26b113d937c52/favorite [32m204[0m 1.587 ms - 0[0m
[0mPATCH /api/contacts/6514567fd3f26b113d937c52/favorite [32m200[0m 494.497 ms - 119[0m
[0mPATCH /api/contacts/6514567fd3f26b113d937c52/favorite [32m200[0m 69.752 ms - 119[0m
[0mOPTIONS /api/contacts/6514567fd3f26b113d937c52/favorite [32m204[0m 2.260 ms - 0[0m
[0mPATCH /api/contacts/6514567fd3f26b113d937c52/favorite [33m400[0m 3.217 ms - 54[0m
[0mOPTIONS /api/contacts/6514567fd3f26b113d937c52/favorite [32m204[0m 0.545 ms - 0[0m
[0mPATCH /api/contacts/6514567fd3f26b113d937c52/favorite [33m400[0m 1.580 ms - 55[0m
[0mOPTIONS /api/contacts/6514567fd3f26b113d937c52/favorite [32m204[0m 0.195 ms - 0[0m
[0mPATCH /api/contacts/6514567fd3f26b113d937c52/favorite [31m500[0m 9.839 ms - 116[0m
[0mOPTIONS /api/contacts/6514567fd3f26b113d937c52/favorite [32m204[0m 2.334 ms - 0[0m
[0mPATCH /api/contacts/6514567fd3f26b113d937c52/favorite [32m200[0m 86.004 ms - 119[0m
[0mPATCH /api/contacts/6514567fd3f26b113d937c52/favorite [32m200[0m 165.257 ms - 119[0m
[0mOPTIONS /api/contacts/6514567fd3f26b113d937c52/favorite [32m204[0m 0.709 ms - 0[0m
[0mPATCH /api/contacts/6514567fd3f26b113d937c52/favorite [32m200[0m 219.083 ms - 119[0m
[0mOPTIONS /api/contacts/6514567fd3f26b113d937c52/favorite [32m204[0m 2.865 ms - 0[0m
[0mPATCH /api/contacts/6514567fd3f26b113d937c52/favorite [32m200[0m 328.278 ms - 119[0m
[0mOPTIONS /api/contacts/6514567fd3f26b113d937c52/favorite [32m204[0m 3.795 ms - 0[0m
[0mPATCH /api/contacts/6514567fd3f26b113d937c52/favorite [32m200[0m 83.190 ms - 119[0m
[0mOPTIONS /api/contacts/6514567fd3f26b113d937c52/favorite [32m204[0m 0.778 ms - 0[0m
[0mPATCH /api/contacts/6514567fd3f26b113d937c52/favorite [32m200[0m 99.014 ms - 119[0m
[0mOPTIONS /api/contacts/6514567fd3f26b113d937c52/favorite [32m204[0m 1.806 ms - 0[0m
[0mPATCH /api/contacts/6514567fd3f26b113d937c52/favorite [32m200[0m 901.639 ms - 119[0m
[0mOPTIONS /api/contacts/6514567fd3f26b113d937c52/favorite [32m204[0m 2.403 ms - 0[0m
[0mPATCH /api/contacts/6514567fd3f26b113d937c52/favorite [32m200[0m 312.519 ms - 119[0m
[0mOPTIONS /api/contacts/6514567fd3f26b113d937c52/favorite [32m204[0m 0.725 ms - 0[0m
[0mPATCH /api/contacts/6514567fd3f26b113d937c52/favorite [32m200[0m 132.761 ms - 119[0m
[0mOPTIONS /api/contacts/6514567fd3f26b113d937c52/favorite [32m204[0m 2.527 ms - 0[0m
[0mPATCH /api/contacts/6514567fd3f26b113d937c52/favorite [32m200[0m 141.139 ms - 119[0m
[0mOPTIONS /api/contacts/6514567fd3f26b113d937c52/favorite [32m204[0m 0.796 ms - 0[0m
[0mPATCH /api/contacts/6514567fd3f26b113d937c52/favorite [32m200[0m 55.908 ms - 119[0m
[0mPATCH /api/contacts/6514567fd3f26b113d937c52/favorite [32m200[0m 113.235 ms - 119[0m
[0mOPTIONS /api/contacts/6514567fd3f26b113d937c52/favorite [32m204[0m 1.538 ms - 0[0m
[0mPATCH /api/contacts/6514567fd3f26b113d937c52/favorite [32m200[0m 400.677 ms - 119[0m
[0mOPTIONS /api/contacts/6514567fd3f26b113d937c52/favorite [32m204[0m 2.056 ms - 0[0m
[0mPATCH /api/contacts/6514567fd3f26b113d937c52/favorite [33m400[0m 5.264 ms - 36[0m
[0mOPTIONS /api/contacts/6514567fd3f26b113d937c52/favorite [32m204[0m 1.433 ms - 0[0m
[0mPATCH /api/contacts/6514567fd3f26b113d937c52/favorite [33m400[0m 4.192 ms - 36[0m
[0mOPTIONS /api/contacts/6514567fd3f26b113d937c52/favorite [32m204[0m 0.379 ms - 0[0m
[0mPATCH /api/contacts/6514567fd3f26b113d937c52/favorite [33m400[0m 14.159 ms - 36[0m
[0mOPTIONS /api/contacts/6514567fd3f26b113d937c52/favorite [32m204[0m 5.031 ms - 0[0m
[0mPATCH /api/contacts/6514567fd3f26b113d937c52/favorite [32m200[0m 102.016 ms - 119[0m
[0mOPTIONS /api/contacts/6514567fd3f26b113d937c52/favorite [32m204[0m 0.480 ms - 0[0m
[0mPATCH /api/contacts/6514567fd3f26b113d937c52/favorite [32m200[0m 66.940 ms - 120[0m
[0mOPTIONS /api/contacts/6514567fd3f26b113d937c52/favorite [32m204[0m 1.019 ms - 0[0m
[0mPATCH /api/contacts/6514567fd3f26b113d937c52/favorite [33m400[0m 13.724 ms - 55[0m
[0mOPTIONS /api/contacts/6514567fd3f26b113d937c52/favorite [32m204[0m 0.245 ms - 0[0m
[0mPATCH /api/contacts/6514567fd3f26b113d937c52/favorite [33m400[0m 1.131 ms - 55[0m
[0mOPTIONS /api/contacts/6514567fd3f26b113d937c52 [32m204[0m 1.669 ms - 0[0m
[0mGET /api/contacts/6514567fd3f26b113d937c52 [33m400[0m 3.513 ms - 39[0m
[0mOPTIONS /api/contacts/6514567fd3f26b113d937c52 [32m204[0m 1.717 ms - 0[0m
[0mGET /api/contacts/6514567fd3f26b113d937c52 [32m200[0m 58.159 ms - 120[0m
[0mOPTIONS /api/contacts/6514567fd3f26b113d937c5 [32m204[0m 0.208 ms - 0[0m
[0mGET /api/contacts/6514567fd3f26b113d937c5 [33m400[0m 1.018 ms - 53[0m
[0mOPTIONS /api/contacts [32m204[0m 0.139 ms - 0[0m
[0mGET /api/contacts [32m200[0m 53.524 ms - 1574[0m
[0mOPTIONS /api/contact [32m204[0m 0.224 ms - 0[0m
[0mGET /api/contact [33m404[0m 0.413 ms - 23[0m
[0mOPTIONS /api/contacts [32m204[0m 0.159 ms - 0[0m
[0mGET /api/contacts [32m200[0m 47.611 ms - 1574[0m
[0mOPTIONS /api/contacts/651426e36b58b74d6d855781 [32m204[0m 0.116 ms - 0[0m
[0mGET /api/contacts/651426e36b58b74d6d855781 [32m200[0m 44.916 ms - 126[0m
[0mOPTIONS /api/contacts/651426e36b58b74d6d855781 [32m204[0m 0.111 ms - 0[0m
[0mPATCH /api/contacts/651426e36b58b74d6d855781 [33m404[0m 10.036 ms - 23[0m
[0mOPTIONS /api/contacts/651426e36b58b74d6d855781 [32m204[0m 0.133 ms - 0[0m
[0mPATCH /api/contacts/651426e36b58b74d6d855781 [33m404[0m 0.873 ms - 23[0m
[0mOPTIONS /api/contacts/651426e36b58b74d6d855781 [32m204[0m 0.414 ms - 0[0m
[0mPATCH /api/contacts/651426e36b58b74d6d855781 [33m404[0m 0.588 ms - 23[0m
[0mGET /api/contacts/651426e36b58b74d6d855781 [32m200[0m 47.080 ms - 126[0m
[0mOPTIONS /api/contacts/651426e36b58b74d6d855781/favorite [32m204[0m 0.241 ms - 0[0m
[0mPATCH /api/contacts/651426e36b58b74d6d855781/favorite [32m200[0m 180.331 ms - 127[0m
[0mOPTIONS /api/contacts/ [32m204[0m 1.048 ms - 0[0m
[0mPOST /api/contacts/ [33m400[0m 179.493 ms - 125[0m
[0mOPTIONS /api/contacts/ [32m204[0m 0.314 ms - 0[0m
[0mPOST /api/contacts/ [32m201[0m 57.770 ms - 122[0m
[0mOPTIONS /api/contacts/ [32m204[0m 0.138 ms - 0[0m
[0mGET /api/contacts/ [32m200[0m 69.499 ms - 1698[0m
[0mOPTIONS /api/contacts/ [32m204[0m 2.399 ms - 0[0m
[0mGET /api/contacts/ [32m200[0m 408.052 ms - 1698[0m
[0mOPTIONS /api/contacts/651801405ed5e14febf9319e [32m204[0m 0.721 ms - 0[0m
[0mDELETE /api/contacts/651801405ed5e14febf9319e [32m200[0m 131.893 ms - 29[0m
[0mOPTIONS /api/contacts [32m204[0m 0.460 ms - 0[0m
[0mGET /api/contacts [32m200[0m 98.662 ms - 1575[0m
[0mOPTIONS /api/contacts/65143247e75e9054e8fec57d/favorite [32m204[0m 0.350 ms - 0[0m
[0mPATCH /api/contacts/65143247e75e9054e8fec57d/favorite [32m200[0m 95.458 ms - 121[0m
[0mOPTIONS /api/contacts [32m204[0m 0.588 ms - 0[0m
[0mGET /api/contacts [32m200[0m 60.267 ms - 1576[0m
